-------------------------------------------------------------------------------
Test set: com.bit.sts23.boot03.Boot03ApplicationTests
-------------------------------------------------------------------------------
Tests run: 1, Failures: 0, Errors: 1, Skipped: 0, Time elapsed: 0.305 s <<< FAILURE! - in com.bit.sts23.boot03.Boot03ApplicationTests
com.bit.sts23.boot03.Boot03ApplicationTests  Time elapsed: 0.305 s  <<< ERROR!
java.lang.IllegalStateException: Unable to find a @SpringBootConfiguration, you need to use @ContextConfiguration or @SpringBootTest(classes=...) with your test

