<?xml version="1.0" encoding="UTF-8"?>
<testsuite xmlns:xsi="http://www.w3.org/2001/XMLSchema-instance" xsi:noNamespaceSchemaLocation="https://maven.apache.org/surefire/maven-surefire-plugin/xsd/surefire-test-report.xsd" name="com.bit.sts23.boot03.Boot03ApplicationTests" time="0.305" tests="1" errors="1" skipped="0" failures="0">
  <properties>
[...]
</properties>
  <testcase name="com.bit.sts23.boot03.Boot03ApplicationTests" classname="com.bit.sts23.boot03.Boot03ApplicationTests" time="0.305">
    <error message="Unable to find a @SpringBootConfiguration, you need to use @ContextConfiguration or @SpringBootTest(classes=...) with your test" type="java.lang.IllegalStateException">java.lang.IllegalStateException: Unable to find a @SpringBootConfiguration, you need to use @ContextConfiguration or @SpringBootTest(classes=...) with your test
</error>
    <system-out><![CDATA[11:29:25.228 [main] DEBUG org.springframework.test.context.BootstrapUtils - Instantiating CacheAwareContextLoaderDelegate from class [org.springframework.test.context.cache.DefaultCacheAwareContextLoaderDelegate]
11:29:25.242 [main] DEBUG org.springframework.test.context.BootstrapUtils - Instantiating BootstrapContext using constructor [public org.springframework.test.context.support.DefaultBootstrapContext(java.lang.Class,org.springframework.test.context.CacheAwareContextLoaderDelegate)]
11:29:25.287 [main] DEBUG org.springframework.test.context.BootstrapUtils - Instantiating TestContextBootstrapper for test class [com.bit.sts23.boot03.Boot03ApplicationTests] from class [org.springframework.boot.test.context.SpringBootTestContextBootstrapper]
11:29:25.302 [main] INFO org.springframework.boot.test.context.SpringBootTestContextBootstrapper - Neither @ContextConfiguration nor @ContextHierarchy found for test class [com.bit.sts23.boot03.Boot03ApplicationTests], using SpringBootContextLoader
11:29:25.308 [main] DEBUG org.springframework.test.context.support.AbstractContextLoader - Did not detect default resource location for test class [com.bit.sts23.boot03.Boot03ApplicationTests]: class path resource [com/bit/sts23/boot03/Boot03ApplicationTests-context.xml] does not exist
11:29:25.308 [main] DEBUG org.springframework.test.context.support.AbstractContextLoader - Did not detect default resource location for test class [com.bit.sts23.boot03.Boot03ApplicationTests]: class path resource [com/bit/sts23/boot03/Boot03ApplicationTestsContext.groovy] does not exist
11:29:25.308 [main] INFO org.springframework.test.context.support.AbstractContextLoader - Could not detect default resource locations for test class [com.bit.sts23.boot03.Boot03ApplicationTests]: no resource found for suffixes {-context.xml, Context.groovy}.
11:29:25.310 [main] INFO org.springframework.test.context.support.AnnotationConfigContextLoaderUtils - Could not detect default configuration classes for test class [com.bit.sts23.boot03.Boot03ApplicationTests]: Boot03ApplicationTests does not declare any static, non-private, non-final, nested classes annotated with @Configuration.
11:29:25.369 [main] DEBUG org.springframework.test.context.support.ActiveProfilesUtils - Could not find an 'annotation declaring class' for annotation type [org.springframework.test.context.ActiveProfiles] and class [com.bit.sts23.boot03.Boot03ApplicationTests]
]]></system-out>
  </testcase>
</testsuite>